<?xml version="1.0" encoding="UTF-8"?>
<!-- Generated by org.testng.reporters.JUnitReportReporter -->
<testsuite skipped="0" hostname="DESKTOP-36D5C16" name="scripts._03_EtsyTest" tests="3" failures="0" timestamp="2022-05-29T14:03:21 MST" time="14.086" errors="0">
  <testcase name="testEtsyLogo" time="4.060" classname="scripts._03_EtsyTest"/>
  <system-out/>
  <testcase name="testEtsySearchResult" time="6.069" classname="scripts._03_EtsyTest"/>
  <system-out/>
  <testcase name="testEtsySearch" time="3.957" classname="scripts._03_EtsyTest"/>
  <system-out/>
</testsuite> <!-- scripts._03_EtsyTest -->
