<?xml version="1.0" encoding="UTF-8"?>
<!-- Generated by org.testng.reporters.JUnitReportReporter -->
<testsuite skipped="0" hostname="DESKTOP-36D5C16" name="scripts._02_TechGlobalTest" tests="1" failures="0" timestamp="2022-05-29T14:03:21 MST" time="2.608" errors="0">
  <testcase name="testApplicationFormHeading" time="2.608" classname="scripts._02_TechGlobalTest"/>
  <system-out/>
</testsuite> <!-- scripts._02_TechGlobalTest -->
