<?xml version="1.0" encoding="UTF-8"?>
<!-- Generated by org.testng.reporters.JUnitReportReporter -->
<testsuite skipped="1" hostname="DESKTOP-36D5C16" name="scripts._01_AppleTest" tests="2" failures="0" timestamp="2022-05-29T14:03:21 MST" time="3.308" errors="0">
  <testcase name="testAppleTitle" time="3.308" classname="scripts._01_AppleTest"/>
  <system-out/>
  <testcase name="X" classname="scripts._01_AppleTest">
    <skipped/>
  </testcase> <!-- X -->
  <system-out/>
</testsuite> <!-- scripts._01_AppleTest -->
