<?xml version="1.0" encoding="UTF-8"?>
<!-- Generated by org.testng.reporters.JUnitReportReporter -->
<testsuite skipped="0" hostname="DESKTOP-36D5C16" name="scripts._04_GoogleSearchTest" tests="1" failures="0" timestamp="2022-05-29T14:03:21 MST" time="4.763" errors="0">
  <testcase name="testGoogleSearch" time="4.763" classname="scripts._04_GoogleSearchTest"/>
  <system-out/>
</testsuite> <!-- scripts._04_GoogleSearchTest -->
